<?xml version="1.0" encoding="UTF-8"?>
<!-- Generated by org.testng.reporters.JUnitXMLReporter -->
<testsuite ignored="0" hostname="Ashims-MacBook-Air.local" failures="0" tests="4" name="TestOne" time="16.787" errors="0" timestamp="2024-11-03T09:31:51 IST">
  <testcase classname="testcasesFramework.AccountDetailsPageTest" name="verifyTitle" time="0.013"/>
  <testcase classname="testcasesFramework.AccountDetailsPageTest" name="verifyLogo" time="0.002"/>
  <testcase classname="testcasesFramework.HomePageTest" name="verifyTitle" time="0.004"/>
  <testcase classname="testcasesFramework.HomePageTest" name="verifyLogo" time="0.004"/>
</testsuite> <!-- TestOne -->
