<?xml version="1.0" encoding="UTF-8"?>
<!-- Generated by org.testng.reporters.JUnitXMLReporter -->
<testsuite ignored="0" hostname="Ashims-MacBook-Air.local" failures="0" tests="4" name="Test" time="6.739" errors="0" timestamp="2024-11-02T12:04:56 IST">
  <testcase classname="testcasesFramework.HomePageTest" name="verifyTitle" time="0.004"/>
  <testcase classname="testcasesFramework.HomePageTest" name="verifyLogo" time="0.001"/>
  <testcase classname="testcasesFramework.AccountDetailsPageTest" name="verifyTitle" time="0.004"/>
  <testcase classname="testcasesFramework.AccountDetailsPageTest" name="verifyLogo" time="0.001"/>
</testsuite> <!-- Test -->
