<?xml version="1.0" encoding="UTF-8"?>
<testsuite xmlns:xsi="http://www.w3.org/2001/XMLSchema-instance" xsi:noNamespaceSchemaLocation="https://maven.apache.org/surefire/maven-surefire-plugin/xsd/surefire-test-report-3.0.xsd" version="3.0" name="TestSuite" time="30.306" tests="4" errors="0" skipped="0" failures="0">
  <properties>
[...]
</properties>
  <testcase name="verifyTitle" classname="testcasesFramework.HomePageTest" time="0.003">
    <system-out><![CDATA[ Network assignmentframework_default  Creating
 Network assignmentframework_default  Created
 Container selenium-hub  Creating
 Container selenium-hub  Created
 Container assignmentframework-chrome-node2-1  Creating
 Container assignmentframework-chrome-node1-1  Creating
 Container assignmentframework-chrome-node1-1  Created
 Container assignmentframework-chrome-node2-1  Created
 Container selenium-hub  Starting
 Container selenium-hub  Started
 Container assignmentframework-chrome-node1-1  Starting
 Container assignmentframework-chrome-node2-1  Starting
 Container assignmentframework-chrome-node1-1  Started
 Container assignmentframework-chrome-node2-1  Started
Exited with code: 0
]]></system-out>
    <system-err><![CDATA[Nov 03, 2024 10:35:42 AM org.openqa.selenium.remote.tracing.opentelemetry.OpenTelemetryTracer createTracer
INFO: Using OpenTelemetry for tracing
]]></system-err>
  </testcase>
  <testcase name="verifyLogo" classname="testcasesFramework.HomePageTest" time="0"/>
  <testcase name="verifyTitle" classname="testcasesFramework.AccountDetailsPageTest" time="0.001"/>
  <testcase name="verifyLogo" classname="testcasesFramework.AccountDetailsPageTest" time="0.002"/>
</testsuite>