<?xml version="1.0" encoding="UTF-8"?>
<testng-results ignored="0" total="4" passed="4" failed="0" skipped="0">
  <reporter-output>
  </reporter-output>
  <suite started-at="2024-11-03T10:35:42 IST" name="Suite" finished-at="2024-11-03T10:35:57 IST" duration-ms="15125">
    <groups>
    </groups>
    <test started-at="2024-11-03T10:35:42 IST" name="TestOne" finished-at="2024-11-03T10:35:57 IST" duration-ms="14611">
      <class name="testcasesFramework.HomePageTest">
        <test-method is-config="true" signature="setup()[pri:0, instance:testcasesFramework.HomePageTest@145eaa29]" started-at="2024-11-03T10:35:42 IST" name="setup" finished-at="2024-11-03T10:35:57 IST" duration-ms="14328" status="PASS">
          <reporter-output>
          </reporter-output>
        </test-method> <!-- setup -->
        <test-method signature="verifyTitle()[pri:0, instance:testcasesFramework.HomePageTest@145eaa29]" started-at="2024-11-03T10:35:57 IST" name="verifyTitle" finished-at="2024-11-03T10:35:57 IST" duration-ms="9" status="PASS">
          <reporter-output>
          </reporter-output>
        </test-method> <!-- verifyTitle -->
        <test-method signature="verifyLogo()[pri:1, instance:testcasesFramework.HomePageTest@145eaa29]" started-at="2024-11-03T10:35:57 IST" name="verifyLogo" finished-at="2024-11-03T10:35:57 IST" duration-ms="0" status="PASS">
          <reporter-output>
          </reporter-output>
        </test-method> <!-- verifyLogo -->
        <test-method is-config="true" signature="tearDown()[pri:0, instance:testcasesFramework.HomePageTest@145eaa29]" started-at="2024-11-03T10:35:57 IST" name="tearDown" finished-at="2024-11-03T10:35:57 IST" duration-ms="235" status="PASS">
          <reporter-output>
          </reporter-output>
        </test-method> <!-- tearDown -->
      </class> <!-- testcasesFramework.HomePageTest -->
    </test> <!-- TestOne -->
    <test started-at="2024-11-03T10:35:42 IST" name="TestTwo" finished-at="2024-11-03T10:35:57 IST" duration-ms="15125">
      <class name="testcasesFramework.AccountDetailsPageTest">
        <test-method is-config="true" signature="startContainer()[pri:0, instance:testcasesFramework.AccountDetailsPageTest@123f1134]" started-at="2024-11-03T10:35:35 IST" name="startContainer" finished-at="2024-11-03T10:35:42 IST" duration-ms="7026" status="PASS">
          <reporter-output>
          </reporter-output>
        </test-method> <!-- startContainer -->
        <test-method is-config="true" signature="setup()[pri:0, instance:testcasesFramework.AccountDetailsPageTest@123f1134]" started-at="2024-11-03T10:35:42 IST" name="setup" finished-at="2024-11-03T10:35:57 IST" duration-ms="15110" status="PASS">
          <reporter-output>
          </reporter-output>
        </test-method> <!-- setup -->
        <test-method signature="verifyTitle()[pri:0, instance:testcasesFramework.AccountDetailsPageTest@123f1134]" started-at="2024-11-03T10:35:57 IST" name="verifyTitle" finished-at="2024-11-03T10:35:57 IST" duration-ms="2" status="PASS">
          <reporter-output>
          </reporter-output>
        </test-method> <!-- verifyTitle -->
        <test-method signature="verifyLogo()[pri:1, instance:testcasesFramework.AccountDetailsPageTest@123f1134]" started-at="2024-11-03T10:35:57 IST" name="verifyLogo" finished-at="2024-11-03T10:35:57 IST" duration-ms="0" status="PASS">
          <reporter-output>
          </reporter-output>
        </test-method> <!-- verifyLogo -->
        <test-method is-config="true" signature="tearDown()[pri:0, instance:testcasesFramework.AccountDetailsPageTest@123f1134]" started-at="2024-11-03T10:35:57 IST" name="tearDown" finished-at="2024-11-03T10:35:57 IST" duration-ms="0" status="PASS">
          <reporter-output>
          </reporter-output>
        </test-method> <!-- tearDown -->
        <test-method is-config="true" signature="stopContainer()[pri:0, instance:testcasesFramework.AccountDetailsPageTest@123f1134]" started-at="2024-11-03T10:35:57 IST" name="stopContainer" finished-at="2024-11-03T10:36:05 IST" duration-ms="7777" status="PASS">
          <reporter-output>
          </reporter-output>
        </test-method> <!-- stopContainer -->
      </class> <!-- testcasesFramework.AccountDetailsPageTest -->
    </test> <!-- TestTwo -->
  </suite> <!-- Suite -->
</testng-results>
