<?xml version="1.0" encoding="UTF-8"?>
<testng-results ignored="0" total="2" passed="2" failed="0" skipped="0">
  <reporter-output>
  </reporter-output>
  <suite started-at="2024-11-03T09:31:34 IST" name="Suite" finished-at="2024-11-03T09:31:51 IST" duration-ms="16787">
    <groups>
    </groups>
    <test started-at="2024-11-03T09:31:34 IST" name="TestOne" finished-at="2024-11-03T09:31:51 IST" duration-ms="16787">
      <class name="testcasesFramework.HomePageTest">
        <test-method is-config="true" signature="setup()[pri:0, instance:testcasesFramework.HomePageTest@2b6faea6]" started-at="2024-11-03T09:31:34 IST" name="setup" finished-at="2024-11-03T09:31:51 IST" duration-ms="16737" status="PASS">
          <reporter-output>
          </reporter-output>
        </test-method> <!-- setup -->
        <test-method signature="verifyTitle()[pri:0, instance:testcasesFramework.HomePageTest@2b6faea6]" started-at="2024-11-03T09:31:51 IST" name="verifyTitle" finished-at="2024-11-03T09:31:51 IST" duration-ms="4" status="PASS">
          <reporter-output>
          </reporter-output>
        </test-method> <!-- verifyTitle -->
        <test-method is-config="true" signature="tearDownMethod()[pri:0, instance:testcasesFramework.HomePageTest@2b6faea6]" started-at="2024-11-03T09:31:51 IST" name="tearDownMethod" finished-at="2024-11-03T09:31:51 IST" duration-ms="1" status="PASS">
          <reporter-output>
          </reporter-output>
        </test-method> <!-- tearDownMethod -->
        <test-method signature="verifyLogo()[pri:1, instance:testcasesFramework.HomePageTest@2b6faea6]" started-at="2024-11-03T09:31:51 IST" name="verifyLogo" finished-at="2024-11-03T09:31:51 IST" duration-ms="4" status="PASS">
          <reporter-output>
          </reporter-output>
        </test-method> <!-- verifyLogo -->
        <test-method is-config="true" signature="tearDownMethod()[pri:0, instance:testcasesFramework.HomePageTest@2b6faea6]" started-at="2024-11-03T09:31:51 IST" name="tearDownMethod" finished-at="2024-11-03T09:31:51 IST" duration-ms="1" status="PASS">
          <reporter-output>
          </reporter-output>
        </test-method> <!-- tearDownMethod -->
        <test-method is-config="true" signature="tearDown()[pri:0, instance:testcasesFramework.HomePageTest@2b6faea6]" started-at="2024-11-03T09:31:51 IST" name="tearDown" finished-at="2024-11-03T09:31:51 IST" duration-ms="0" status="PASS">
          <reporter-output>
          </reporter-output>
        </test-method> <!-- tearDown -->
      </class> <!-- testcasesFramework.HomePageTest -->
    </test> <!-- TestOne -->
  </suite> <!-- Suite -->
</testng-results>
